[+] Containers:
 |- [+] Container: /Game/TopDown/Maps/TopDownMap
 |   |- [+] ActorDescs:
 |   |   |- Guid:055F6D1A44CEF91513D8CCB68E0C441A BaseClass:/Game/Assets/Tiles/HexagonTileBase.HexagonTileBase_C NativeClass:/Script/Engine.Actor Name:HexagonTileBase_C_UAID_E848B8C840005A2502_1554630415 Label:HexagonTileBase7 SpatiallyLoaded:1 Bounds:IsValid=true, Min=(X=450.795 Y=530.000 Z=-9.000), Max=(X=797.205 Y=930.000 Z=11.209) RuntimeGrid:None EditorOnly:0 RuntimeOnly:0 HLODRelevant:0 ListedInSceneOutliner:1 IsMainWorldOnly:0
 |   |   |- Guid:147C8D134B12D635012D5F8C57D2C96F BaseClass: NativeClass:/Script/Engine.PostProcessVolume Name:PostProcessVolume_1 Label:PostProcessVolume SpatiallyLoaded:0 Bounds:IsValid=true, Min=(X=0.000 Y=0.000 Z=400.000), Max=(X=200.000 Y=200.000 Z=600.000) RuntimeGrid:None EditorOnly:0 RuntimeOnly:0 HLODRelevant:0 ListedInSceneOutliner:1 IsMainWorldOnly:0 FolderPath:Lighting FolderGuid:4C9334684BA61B42C769F799D2576455
 |   |   |- Guid:1545BB3241427FEAA11F2794EB9DC4D0 BaseClass:/Game/Assets/Tiles/HexagonTileBase.HexagonTileBase_C NativeClass:/Script/Engine.Actor Name:HexagonTileBase_C_UAID_E848B8C840005A2502_1588045419 Label:HexagonTileBase11 SpatiallyLoaded:1 Bounds:IsValid=true, Min=(X=1142.795 Y=1130.000 Z=-9.000), Max=(X=1489.205 Y=1530.000 Z=11.209) RuntimeGrid:None EditorOnly:0 RuntimeOnly:0 HLODRelevant:0 ListedInSceneOutliner:1 IsMainWorldOnly:0
 |   |   |- Guid:1742DF43475F097453197AA79C7473D9 BaseClass: NativeClass:/Script/Engine.SkyLight Name:SkyLight_1 Label:SkyLight SpatiallyLoaded:0 Bounds:IsValid=true, Min=(X=0.000 Y=0.000 Z=690.000), Max=(X=0.000 Y=0.000 Z=690.000) RuntimeGrid:None EditorOnly:0 RuntimeOnly:0 HLODRelevant:0 ListedInSceneOutliner:1 IsMainWorldOnly:0 FolderPath:Lighting FolderGuid:4C9334684BA61B42C769F799D2576455
 |   |   |- Guid:19A7B3A248C576C37B412AB8E2BD66B5 BaseClass:/Game/Assets/Tiles/HexagonTileBase.HexagonTileBase_C NativeClass:/Script/Engine.Actor Name:HexagonTileBase_C_UAID_E848B8C840005A2502_1531218411 Label:HexagonTileBase3 SpatiallyLoaded:1 Bounds:IsValid=true, Min=(X=450.795 Y=1130.000 Z=-9.000), Max=(X=797.205 Y=1530.000 Z=11.209) RuntimeGrid:None EditorOnly:0 RuntimeOnly:0 HLODRelevant:0 ListedInSceneOutliner:1 IsMainWorldOnly:0
 |   |   |- Guid:1BF6EBD440593A890055888A62FBEFD7 BaseClass:/Game/Assets/Tiles/HexagonTileBase.HexagonTileBase_C NativeClass:/Script/Engine.Actor Name:HexagonTileBase_C_UAID_E848B8C840005A2502_1665941434 Label:HexagonTileBase26 SpatiallyLoaded:1 Bounds:IsValid=true, Min=(X=1661.795 Y=2630.000 Z=-9.000), Max=(X=2008.205 Y=3030.000 Z=11.209) RuntimeGrid:None EditorOnly:0 RuntimeOnly:0 HLODRelevant:0 ListedInSceneOutliner:1 IsMainWorldOnly:0
 |   |   |- Guid:1FEC8FAC495CEF0CE32492ADCBB96BAE BaseClass: NativeClass:/Script/AIModule.NavLinkProxy Name:NavLinkProxy_3 Label:NavLinkProxy3 SpatiallyLoaded:1 Bounds:IsValid=true, Min=(X=2240.000 Y=1030.000 Z=90.000), Max=(X=2240.000 Y=1030.000 Z=90.000) RuntimeGrid:None EditorOnly:0 RuntimeOnly:0 HLODRelevant:0 ListedInSceneOutliner:1 IsMainWorldOnly:0 FolderPath:Navigation FolderGuid:AE45D61F453CC144CF8289862C276E89
 |   |   |- Guid:2169CB5C470E0E674279BA96829753DD BaseClass: NativeClass:/Script/Engine.StaticMeshActor Name:StaticMeshActor_17 Label:SM_Cube SpatiallyLoaded:1 Bounds:IsValid=true, Min=(X=0.000 Y=0.000 Z=-50.000), Max=(X=3000.000 Y=3500.000 Z=0.000) RuntimeGrid:None EditorOnly:0 RuntimeOnly:0 HLODRelevant:1 ListedInSceneOutliner:1 IsMainWorldOnly:0 FolderPath:Playground FolderGuid:9FE5E8B349AF71F05F2688921F3F2AC5
 |   |   |- Guid:2DF0D95440BE0EDA81652F860DC7268E BaseClass: NativeClass:/Script/Engine.WorldDataLayers Name:WorldDataLayers Label:WorldDataLayers SpatiallyLoaded:0 Bounds:IsValid=true, Min=(X=0.000 Y=0.000 Z=0.000), Max=(X=0.000 Y=0.000 Z=0.000) RuntimeGrid:None EditorOnly:0 RuntimeOnly:0 HLODRelevant:0 ListedInSceneOutliner:1 IsMainWorldOnly:1
 |   |   |- Guid:38FFC6304B24E7B0848A3E99C7904C1A BaseClass:/Game/Assets/Tiles/HexagonTileBase.HexagonTileBase_C NativeClass:/Script/Engine.Actor Name:HexagonTileBase_C_UAID_E848B8C840005A2502_1665936430 Label:HexagonTileBase22 SpatiallyLoaded:1 Bounds:IsValid=true, Min=(X=969.795 Y=2030.000 Z=-9.000), Max=(X=1316.205 Y=2430.000 Z=11.209) RuntimeGrid:None EditorOnly:0 RuntimeOnly:0 HLODRelevant:0 ListedInSceneOutliner:1 IsMainWorldOnly:0
 |   |   |- Guid:3B17BEB149CFF34B986790A7CC1E7D3D BaseClass:/Game/Assets/Tiles/HexagonTileBase.HexagonTileBase_C NativeClass:/Script/Engine.Actor Name:HexagonTileBase_C_UAID_E848B8C840005A2502_1588043418 Label:HexagonTileBase10 SpatiallyLoaded:1 Bounds:IsValid=true, Min=(X=1661.795 Y=1430.000 Z=-9.000), Max=(X=2008.205 Y=1830.000 Z=11.209) RuntimeGrid:None EditorOnly:0 RuntimeOnly:0 HLODRelevant:0 ListedInSceneOutliner:1 IsMainWorldOnly:0
 |   |   |- Guid:3E1208814E095E07C62D4FAD7EA1CFBD BaseClass:/Game/Assets/Tiles/HexagonTileBase.HexagonTileBase_C NativeClass:/Script/Engine.Actor Name:HexagonTileBase_C_UAID_E848B8C840005A2502_1554631416 Label:HexagonTileBase8 SpatiallyLoaded:1 Bounds:IsValid=true, Min=(X=623.795 Y=830.000 Z=-9.000), Max=(X=970.205 Y=1230.000 Z=11.209) RuntimeGrid:None EditorOnly:0 RuntimeOnly:0 HLODRelevant:0 ListedInSceneOutliner:1 IsMainWorldOnly:0
 |   |   |- Guid:6040A4DC47F6BD1E47B53E9A62C1AAF1 BaseClass:/Game/Assets/Tiles/HexagonTileBase.HexagonTileBase_C NativeClass:/Script/Engine.Actor Name:HexagonTileBase_C_UAID_E848B8C840005A2502_1665947439 Label:HexagonTileBase31 SpatiallyLoaded:1 Bounds:IsValid=true, Min=(X=1142.795 Y=1730.000 Z=-9.000), Max=(X=1489.205 Y=2130.000 Z=11.209) RuntimeGrid:None EditorOnly:0 RuntimeOnly:0 HLODRelevant:0 ListedInSceneOutliner:1 IsMainWorldOnly:0
 |   |   |- Guid:6252C7D64ACF162A73EE65B11FE214D1 BaseClass: NativeClass:/Script/Engine.SkyAtmosphere Name:SkyAtmosphere_1 Label:SkyAtmosphere SpatiallyLoaded:0 Bounds:IsValid=true, Min=(X=0.000 Y=0.000 Z=1020.000), Max=(X=0.000 Y=0.000 Z=1020.000) RuntimeGrid:None EditorOnly:0 RuntimeOnly:0 HLODRelevant:0 ListedInSceneOutliner:1 IsMainWorldOnly:0 FolderPath:Lighting FolderGuid:4C9334684BA61B42C769F799D2576455
 |   |   |- Guid:66BCBF874D2A22ADC6523B95EE812CA3 BaseClass: NativeClass:/Script/Engine.StaticMeshActor Name:StaticMeshActor_UAID_A4AE111137DC5CFB00_1660657071 Label:SM_SkySphere SpatiallyLoaded:0 Bounds:IsValid=true, Min=(X=-1638400.000 Y=-1638400.000 Z=-1638400.000), Max=(X=1638400.000 Y=1638400.000 Z=1638400.000) RuntimeGrid:None EditorOnly:0 RuntimeOnly:0 HLODRelevant:1 ListedInSceneOutliner:1 IsMainWorldOnly:0 FolderPath:Lighting FolderGuid:4C9334684BA61B42C769F799D2576455
 |   |   |- Guid:6FC5209D40CF692279097D911CBC768A BaseClass:/Game/Assets/Tiles/HexagonTileBase.HexagonTileBase_C NativeClass:/Script/Engine.Actor Name:HexagonTileBase_C_UAID_E848B8C84000582502_2140058055 Label:HexagonTileBase SpatiallyLoaded:1 Bounds:IsValid=true, Min=(X=796.795 Y=1130.000 Z=-9.000), Max=(X=1143.205 Y=1530.000 Z=11.209) RuntimeGrid:None EditorOnly:0 RuntimeOnly:0 HLODRelevant:0 ListedInSceneOutliner:1 IsMainWorldOnly:0
 |   |   |- Guid:718535A344EDE2BFE285E6B11C86FC37 BaseClass:/Game/Assets/Tiles/HexagonTileBase.HexagonTileBase_C NativeClass:/Script/Engine.Actor Name:HexagonTileBase_C_UAID_E848B8C840005A2502_1588040417 Label:HexagonTileBase9 SpatiallyLoaded:1 Bounds:IsValid=true, Min=(X=1488.795 Y=1130.000 Z=-9.000), Max=(X=1835.205 Y=1530.000 Z=11.209) RuntimeGrid:None EditorOnly:0 RuntimeOnly:0 HLODRelevant:0 ListedInSceneOutliner:1 IsMainWorldOnly:0
 |   |   |- Guid:756C3B6F42B06FDDD860F7ADCB22E786 BaseClass:/Game/Assets/Tiles/HexagonTileBase.HexagonTileBase_C NativeClass:/Script/Engine.Actor Name:HexagonTileBase_C_UAID_E848B8C840005A2502_1665940433 Label:HexagonTileBase25 SpatiallyLoaded:1 Bounds:IsValid=true, Min=(X=1488.795 Y=2330.000 Z=-9.000), Max=(X=1835.205 Y=2730.000 Z=11.209) RuntimeGrid:None EditorOnly:0 RuntimeOnly:0 HLODRelevant:0 ListedInSceneOutliner:1 IsMainWorldOnly:0
 |   |   |- Guid:77F893B3468595EE782136AD620D7EF4 BaseClass: NativeClass:/Script/Engine.VolumetricCloud Name:VolumetricCloud_0 Label:VolumetricCloud SpatiallyLoaded:0 Bounds:IsValid=true, Min=(X=0.000 Y=0.000 Z=820.000), Max=(X=0.000 Y=0.000 Z=820.000) RuntimeGrid:None EditorOnly:0 RuntimeOnly:0 HLODRelevant:0 ListedInSceneOutliner:1 IsMainWorldOnly:0 FolderPath:Lighting FolderGuid:4C9334684BA61B42C769F799D2576455
 |   |   |- Guid:7C91129E403D9FE66589D8A7C4BBFD11 BaseClass:/Game/Assets/Tiles/HexagonTileBase.HexagonTileBase_C NativeClass:/Script/Engine.Actor Name:HexagonTileBase_C_UAID_E848B8C840005A2502_1554626413 Label:HexagonTileBase5 SpatiallyLoaded:1 Bounds:IsValid=true, Min=(X=796.795 Y=530.000 Z=-9.000), Max=(X=1143.205 Y=930.000 Z=11.209) RuntimeGrid:None EditorOnly:0 RuntimeOnly:0 HLODRelevant:0 ListedInSceneOutliner:1 IsMainWorldOnly:0
 |   |   |- Guid:8F5FDE0F47B316B043ECCABC7E694EA8 BaseClass:/Game/Assets/Tiles/HexagonTileBase.HexagonTileBase_C NativeClass:/Script/Engine.Actor Name:HexagonTileBase_C_UAID_E848B8C840005A2502_1588046420 Label:HexagonTileBase12 SpatiallyLoaded:1 Bounds:IsValid=true, Min=(X=1315.795 Y=1430.000 Z=-9.000), Max=(X=1662.205 Y=1830.000 Z=11.209) RuntimeGrid:None EditorOnly:0 RuntimeOnly:0 HLODRelevant:0 ListedInSceneOutliner:1 IsMainWorldOnly:0
 |   |   |- Guid:9202E5064E6AB15FE85659A8B423FAC6 BaseClass:/Game/Assets/Tiles/HexagonTileBase.HexagonTileBase_C NativeClass:/Script/Engine.Actor Name:HexagonTileBase_C_UAID_E848B8C840005A2502_1665946438 Label:HexagonTileBase30 SpatiallyLoaded:1 Bounds:IsValid=true, Min=(X=1661.795 Y=2030.000 Z=-9.000), Max=(X=2008.205 Y=2430.000 Z=11.209) RuntimeGrid:None EditorOnly:0 RuntimeOnly:0 HLODRelevant:0 ListedInSceneOutliner:1 IsMainWorldOnly:0
 |   |   |- Guid:971A11514F2AF181BE19F0A32249DEDB BaseClass:/Game/Assets/Tiles/HexagonTileBase.HexagonTileBase_C NativeClass:/Script/Engine.Actor Name:HexagonTileBase_C_UAID_E848B8C840005A2502_1588051424 Label:HexagonTileBase16 SpatiallyLoaded:1 Bounds:IsValid=true, Min=(X=1315.795 Y=830.000 Z=-9.000), Max=(X=1662.205 Y=1230.000 Z=11.209) RuntimeGrid:None EditorOnly:0 RuntimeOnly:0 HLODRelevant:0 ListedInSceneOutliner:1 IsMainWorldOnly:0
 |   |   |- Guid:A01A4EA84BA43D991379C6B8D4AAC7C7 BaseClass:/Game/Assets/Tiles/HexagonTileBase.HexagonTileBase_C NativeClass:/Script/Engine.Actor Name:HexagonTileBase_C_UAID_E848B8C840005A2502_1531223412 Label:HexagonTileBase4 SpatiallyLoaded:1 Bounds:IsValid=true, Min=(X=623.795 Y=1430.000 Z=-9.000), Max=(X=970.205 Y=1830.000 Z=11.209) RuntimeGrid:None EditorOnly:0 RuntimeOnly:0 HLODRelevant:0 ListedInSceneOutliner:1 IsMainWorldOnly:0
 |   |   |- Guid:AECEEEE741E6DE68F6843FA49564A956 BaseClass: NativeClass:/Script/Engine.DirectionalLight Name:DirectionalLight_1 Label:DirectionalLight SpatiallyLoaded:0 Bounds:IsValid=true, Min=(X=-1048576.000 Y=-1048576.000 Z=-1048576.000), Max=(X=1048576.000 Y=1048576.000 Z=1048576.000) RuntimeGrid:None EditorOnly:0 RuntimeOnly:0 HLODRelevant:0 ListedInSceneOutliner:1 IsMainWorldOnly:0 FolderPath:Lighting FolderGuid:4C9334684BA61B42C769F799D2576455
 |   |   |- Guid:B59CDE864F3E950E602EC78789E6C8F8 BaseClass:/Game/Assets/Tiles/HexagonTileBase.HexagonTileBase_C NativeClass:/Script/Engine.Actor Name:HexagonTileBase_C_UAID_E848B8C840005A2502_1665942435 Label:HexagonTileBase27 SpatiallyLoaded:1 Bounds:IsValid=true, Min=(X=1142.795 Y=2330.000 Z=-9.000), Max=(X=1489.205 Y=2730.000 Z=11.209) RuntimeGrid:None EditorOnly:0 RuntimeOnly:0 HLODRelevant:0 ListedInSceneOutliner:1 IsMainWorldOnly:0
 |   |   |- Guid:B5F59F9E48CBA1716BA3AE91E1C9F06F BaseClass:/Game/Assets/Tiles/HexagonTileBase.HexagonTileBase_C NativeClass:/Script/Engine.Actor Name:HexagonTileBase_C_UAID_E848B8C840005A2502_1665928425 Label:HexagonTileBase17 SpatiallyLoaded:1 Bounds:IsValid=true, Min=(X=796.795 Y=2330.000 Z=-9.000), Max=(X=1143.205 Y=2730.000 Z=11.209) RuntimeGrid:None EditorOnly:0 RuntimeOnly:0 HLODRelevant:0 ListedInSceneOutliner:1 IsMainWorldOnly:0
 |   |   |- Guid:BBB1D4AD48D12D4DD3A097A3B1F38508 BaseClass:/Game/Assets/Tiles/HexagonTileBase.HexagonTileBase_C NativeClass:/Script/Engine.Actor Name:HexagonTileBase_C_UAID_E848B8C840005A2502_1665944437 Label:HexagonTileBase29 SpatiallyLoaded:1 Bounds:IsValid=true, Min=(X=1488.795 Y=1730.000 Z=-9.000), Max=(X=1835.205 Y=2130.000 Z=11.209) RuntimeGrid:None EditorOnly:0 RuntimeOnly:0 HLODRelevant:0 ListedInSceneOutliner:1 IsMainWorldOnly:0
 |   |   |- Guid:BC43CBE44197658473297D8CAE645A29 BaseClass:/Game/Assets/Tiles/HexagonTileBase.HexagonTileBase_C NativeClass:/Script/Engine.Actor Name:HexagonTileBase_C_UAID_E848B8C840005A2502_1588047421 Label:HexagonTileBase13 SpatiallyLoaded:1 Bounds:IsValid=true, Min=(X=1488.795 Y=530.000 Z=-9.000), Max=(X=1835.205 Y=930.000 Z=11.209) RuntimeGrid:None EditorOnly:0 RuntimeOnly:0 HLODRelevant:0 ListedInSceneOutliner:1 IsMainWorldOnly:0
 |   |   |- Guid:BE55F448426E118B91244FBAAE1BFCE7 BaseClass:/Game/Assets/Tiles/HexagonTileBase.HexagonTileBase_C NativeClass:/Script/Engine.Actor Name:HexagonTileBase_C_UAID_E848B8C840005A2502_1665944436 Label:HexagonTileBase28 SpatiallyLoaded:1 Bounds:IsValid=true, Min=(X=1315.795 Y=2630.000 Z=-9.000), Max=(X=1662.205 Y=3030.000 Z=11.209) RuntimeGrid:None EditorOnly:0 RuntimeOnly:0 HLODRelevant:0 ListedInSceneOutliner:1 IsMainWorldOnly:0
 |   |   |- Guid:C2108BC541BBDF5480AE228E63F1A8F4 BaseClass:/Game/Assets/Tiles/HexagonTileBase.HexagonTileBase_C NativeClass:/Script/Engine.Actor Name:HexagonTileBase_C_UAID_E848B8C840005A2502_1554629414 Label:HexagonTileBase6 SpatiallyLoaded:1 Bounds:IsValid=true, Min=(X=969.795 Y=830.000 Z=-9.000), Max=(X=1316.205 Y=1230.000 Z=11.209) RuntimeGrid:None EditorOnly:0 RuntimeOnly:0 HLODRelevant:0 ListedInSceneOutliner:1 IsMainWorldOnly:0
 |   |   |- Guid:CC7D0CEF434FC598E6927391F7C30A51 BaseClass:/Game/Assets/Tiles/HexagonTileBase.HexagonTileBase_C NativeClass:/Script/Engine.Actor Name:HexagonTileBase_C_UAID_E848B8C840005A2502_1665932427 Label:HexagonTileBase19 SpatiallyLoaded:1 Bounds:IsValid=true, Min=(X=450.795 Y=2330.000 Z=-9.000), Max=(X=797.205 Y=2730.000 Z=11.209) RuntimeGrid:None EditorOnly:0 RuntimeOnly:0 HLODRelevant:0 ListedInSceneOutliner:1 IsMainWorldOnly:0
 |   |   |- Guid:CCDD89584E0A9025F52AEDA51D60CA54 BaseClass: NativeClass:/Script/NavigationSystem.NavMeshBoundsVolume Name:NavMeshBoundsVolume_1 Label:NavMeshBoundsVolume SpatiallyLoaded:0 Bounds:IsValid=true, Min=(X=-100.000 Y=-100.000 Z=-110.000), Max=(X=3100.000 Y=3600.000 Z=390.000) RuntimeGrid:None EditorOnly:0 RuntimeOnly:0 HLODRelevant:0 ListedInSceneOutliner:1 IsMainWorldOnly:0 FolderPath:Navigation FolderGuid:AE45D61F453CC144CF8289862C276E89
 |   |   |- Guid:D24D61B944EF71BE7BC469B7EB239299 BaseClass: NativeClass:/Script/Engine.ExponentialHeightFog Name:ExponentialHeightFog_1 Label:ExponentialHeightFog SpatiallyLoaded:0 Bounds:IsValid=true, Min=(X=-5600.000 Y=-50.000 Z=-6850.000), Max=(X=-5600.000 Y=-50.000 Z=-6850.000) RuntimeGrid:None EditorOnly:0 RuntimeOnly:0 HLODRelevant:0 ListedInSceneOutliner:1 IsMainWorldOnly:0 FolderPath:Lighting FolderGuid:4C9334684BA61B42C769F799D2576455
 |   |   |- Guid:D5C7252A47A18006F9F5DBAEE815DD64 BaseClass:/Game/Assets/Tiles/HexagonTileBase.HexagonTileBase_C NativeClass:/Script/Engine.Actor Name:HexagonTileBase_C_UAID_E848B8C840005A2502_1588049423 Label:HexagonTileBase15 SpatiallyLoaded:1 Bounds:IsValid=true, Min=(X=1142.795 Y=530.000 Z=-9.000), Max=(X=1489.205 Y=930.000 Z=11.209) RuntimeGrid:None EditorOnly:0 RuntimeOnly:0 HLODRelevant:0 ListedInSceneOutliner:1 IsMainWorldOnly:0
 |   |   |- Guid:D63F3EC04574A02420147D819390C894 BaseClass:/Game/Assets/Tiles/HexagonTileBase.HexagonTileBase_C NativeClass:/Script/Engine.Actor Name:HexagonTileBase_C_UAID_E848B8C840005A2502_1665948440 Label:HexagonTileBase32 SpatiallyLoaded:1 Bounds:IsValid=true, Min=(X=1315.795 Y=2030.000 Z=-9.000), Max=(X=1662.205 Y=2430.000 Z=11.209) RuntimeGrid:None EditorOnly:0 RuntimeOnly:0 HLODRelevant:0 ListedInSceneOutliner:1 IsMainWorldOnly:0
 |   |   |- Guid:DE792036479997494A6DE7AF3EF8C394 BaseClass:/Game/Assets/Tiles/HexagonTileBase.HexagonTileBase_C NativeClass:/Script/Engine.Actor Name:HexagonTileBase_C_UAID_E848B8C840005A2502_1665931426 Label:HexagonTileBase18 SpatiallyLoaded:1 Bounds:IsValid=true, Min=(X=969.795 Y=2630.000 Z=-9.000), Max=(X=1316.205 Y=3030.000 Z=11.209) RuntimeGrid:None EditorOnly:0 RuntimeOnly:0 HLODRelevant:0 ListedInSceneOutliner:1 IsMainWorldOnly:0
 |   |   |- Guid:EDE140DB4157022566829898915CC366 BaseClass:/Game/Assets/Tiles/HexagonTileBase.HexagonTileBase_C NativeClass:/Script/Engine.Actor Name:HexagonTileBase_C_UAID_E848B8C840005A2502_1665937431 Label:HexagonTileBase23 SpatiallyLoaded:1 Bounds:IsValid=true, Min=(X=450.795 Y=1730.000 Z=-9.000), Max=(X=797.205 Y=2130.000 Z=11.209) RuntimeGrid:None EditorOnly:0 RuntimeOnly:0 HLODRelevant:0 ListedInSceneOutliner:1 IsMainWorldOnly:0
 |   |   |- Guid:F0C0D2A240E30C53086AA68573DA98F6 BaseClass:/Game/Assets/Tiles/HexagonTileBase.HexagonTileBase_C NativeClass:/Script/Engine.Actor Name:HexagonTileBase_C_UAID_E848B8C840005A2502_1252387408 Label:HexagonTileBase2 SpatiallyLoaded:1 Bounds:IsValid=true, Min=(X=969.795 Y=1430.000 Z=-9.000), Max=(X=1316.205 Y=1830.000 Z=11.209) RuntimeGrid:None EditorOnly:0 RuntimeOnly:0 HLODRelevant:0 ListedInSceneOutliner:1 IsMainWorldOnly:0
 |   |   |- Guid:F33CC5014C49925B3A9D52A063AF483F BaseClass: NativeClass:/Script/Engine.PlayerStart Name:PlayerStart_0 Label:PlayerStart SpatiallyLoaded:0 Bounds:IsValid=true, Min=(X=960.000 Y=1770.000 Z=0.013), Max=(X=1040.000 Y=1850.000 Z=184.013) RuntimeGrid:None EditorOnly:0 RuntimeOnly:0 HLODRelevant:0 ListedInSceneOutliner:1 IsMainWorldOnly:0
 |   |   |- Guid:F4ED2CA443CA1E35147A80B1C827B082 BaseClass:/Game/Assets/Tiles/HexagonTileBase.HexagonTileBase_C NativeClass:/Script/Engine.Actor Name:HexagonTileBase_C_UAID_E848B8C840005A2502_1665939432 Label:HexagonTileBase24 SpatiallyLoaded:1 Bounds:IsValid=true, Min=(X=623.795 Y=2030.000 Z=-9.000), Max=(X=970.205 Y=2430.000 Z=11.209) RuntimeGrid:None EditorOnly:0 RuntimeOnly:0 HLODRelevant:0 ListedInSceneOutliner:1 IsMainWorldOnly:0
 |   |   |- Guid:FB2860F04E7C8666217BB4BECD99308F BaseClass:/Game/Assets/Tiles/HexagonTileBase.HexagonTileBase_C NativeClass:/Script/Engine.Actor Name:HexagonTileBase_C_UAID_E848B8C840005A2502_1665933428 Label:HexagonTileBase20 SpatiallyLoaded:1 Bounds:IsValid=true, Min=(X=623.795 Y=2630.000 Z=-9.000), Max=(X=970.205 Y=3030.000 Z=11.209) RuntimeGrid:None EditorOnly:0 RuntimeOnly:0 HLODRelevant:0 ListedInSceneOutliner:1 IsMainWorldOnly:0
 |   |   |- Guid:FC52FE8E4384981A958E2DBFA56D91AD BaseClass:/Game/Assets/Tiles/HexagonTileBase.HexagonTileBase_C NativeClass:/Script/Engine.Actor Name:HexagonTileBase_C_UAID_E848B8C840005A2502_1588048422 Label:HexagonTileBase14 SpatiallyLoaded:1 Bounds:IsValid=true, Min=(X=1661.795 Y=830.000 Z=-9.000), Max=(X=2008.205 Y=1230.000 Z=11.209) RuntimeGrid:None EditorOnly:0 RuntimeOnly:0 HLODRelevant:0 ListedInSceneOutliner:1 IsMainWorldOnly:0
 |   |   |- Guid:FD87F63744F354A67AF6A6923E26F8CD BaseClass:/Game/Assets/Tiles/HexagonTileBase.HexagonTileBase_C NativeClass:/Script/Engine.Actor Name:HexagonTileBase_C_UAID_E848B8C840005A2502_1665934429 Label:HexagonTileBase21 SpatiallyLoaded:1 Bounds:IsValid=true, Min=(X=796.795 Y=1730.000 Z=-9.000), Max=(X=1143.205 Y=2130.000 Z=11.209) RuntimeGrid:None EditorOnly:0 RuntimeOnly:0 HLODRelevant:0 ListedInSceneOutliner:1 IsMainWorldOnly:0
 |   |- [+] Clusters:
 |   |   |- [+] [  0]
 |   |   |   |- Guid:055F6D1A44CEF91513D8CCB68E0C441A BaseClass:/Game/Assets/Tiles/HexagonTileBase.HexagonTileBase_C NativeClass:/Script/Engine.Actor Name:HexagonTileBase_C_UAID_E848B8C840005A2502_1554630415 Label:HexagonTileBase7 SpatiallyLoaded:1 Bounds:IsValid=true, Min=(X=450.795 Y=530.000 Z=-9.000), Max=(X=797.205 Y=930.000 Z=11.209) RuntimeGrid:None EditorOnly:0 RuntimeOnly:0 HLODRelevant:0 ListedInSceneOutliner:1 IsMainWorldOnly:0
 |   |   |- [+] [  1]
 |   |   |   |- Guid:147C8D134B12D635012D5F8C57D2C96F BaseClass: NativeClass:/Script/Engine.PostProcessVolume Name:PostProcessVolume_1 Label:PostProcessVolume SpatiallyLoaded:0 Bounds:IsValid=true, Min=(X=0.000 Y=0.000 Z=400.000), Max=(X=200.000 Y=200.000 Z=600.000) RuntimeGrid:None EditorOnly:0 RuntimeOnly:0 HLODRelevant:0 ListedInSceneOutliner:1 IsMainWorldOnly:0 FolderPath:Lighting FolderGuid:4C9334684BA61B42C769F799D2576455
 |   |   |- [+] [  2]
 |   |   |   |- Guid:1545BB3241427FEAA11F2794EB9DC4D0 BaseClass:/Game/Assets/Tiles/HexagonTileBase.HexagonTileBase_C NativeClass:/Script/Engine.Actor Name:HexagonTileBase_C_UAID_E848B8C840005A2502_1588045419 Label:HexagonTileBase11 SpatiallyLoaded:1 Bounds:IsValid=true, Min=(X=1142.795 Y=1130.000 Z=-9.000), Max=(X=1489.205 Y=1530.000 Z=11.209) RuntimeGrid:None EditorOnly:0 RuntimeOnly:0 HLODRelevant:0 ListedInSceneOutliner:1 IsMainWorldOnly:0
 |   |   |- [+] [  3]
 |   |   |   |- Guid:1742DF43475F097453197AA79C7473D9 BaseClass: NativeClass:/Script/Engine.SkyLight Name:SkyLight_1 Label:SkyLight SpatiallyLoaded:0 Bounds:IsValid=true, Min=(X=0.000 Y=0.000 Z=690.000), Max=(X=0.000 Y=0.000 Z=690.000) RuntimeGrid:None EditorOnly:0 RuntimeOnly:0 HLODRelevant:0 ListedInSceneOutliner:1 IsMainWorldOnly:0 FolderPath:Lighting FolderGuid:4C9334684BA61B42C769F799D2576455
 |   |   |- [+] [  4]
 |   |   |   |- Guid:19A7B3A248C576C37B412AB8E2BD66B5 BaseClass:/Game/Assets/Tiles/HexagonTileBase.HexagonTileBase_C NativeClass:/Script/Engine.Actor Name:HexagonTileBase_C_UAID_E848B8C840005A2502_1531218411 Label:HexagonTileBase3 SpatiallyLoaded:1 Bounds:IsValid=true, Min=(X=450.795 Y=1130.000 Z=-9.000), Max=(X=797.205 Y=1530.000 Z=11.209) RuntimeGrid:None EditorOnly:0 RuntimeOnly:0 HLODRelevant:0 ListedInSceneOutliner:1 IsMainWorldOnly:0
 |   |   |- [+] [  5]
 |   |   |   |- Guid:1BF6EBD440593A890055888A62FBEFD7 BaseClass:/Game/Assets/Tiles/HexagonTileBase.HexagonTileBase_C NativeClass:/Script/Engine.Actor Name:HexagonTileBase_C_UAID_E848B8C840005A2502_1665941434 Label:HexagonTileBase26 SpatiallyLoaded:1 Bounds:IsValid=true, Min=(X=1661.795 Y=2630.000 Z=-9.000), Max=(X=2008.205 Y=3030.000 Z=11.209) RuntimeGrid:None EditorOnly:0 RuntimeOnly:0 HLODRelevant:0 ListedInSceneOutliner:1 IsMainWorldOnly:0
 |   |   |- [+] [  6]
 |   |   |   |- Guid:1FEC8FAC495CEF0CE32492ADCBB96BAE BaseClass: NativeClass:/Script/AIModule.NavLinkProxy Name:NavLinkProxy_3 Label:NavLinkProxy3 SpatiallyLoaded:1 Bounds:IsValid=true, Min=(X=2240.000 Y=1030.000 Z=90.000), Max=(X=2240.000 Y=1030.000 Z=90.000) RuntimeGrid:None EditorOnly:0 RuntimeOnly:0 HLODRelevant:0 ListedInSceneOutliner:1 IsMainWorldOnly:0 FolderPath:Navigation FolderGuid:AE45D61F453CC144CF8289862C276E89
 |   |   |- [+] [  7]
 |   |   |   |- Guid:2169CB5C470E0E674279BA96829753DD BaseClass: NativeClass:/Script/Engine.StaticMeshActor Name:StaticMeshActor_17 Label:SM_Cube SpatiallyLoaded:1 Bounds:IsValid=true, Min=(X=0.000 Y=0.000 Z=-50.000), Max=(X=3000.000 Y=3500.000 Z=0.000) RuntimeGrid:None EditorOnly:0 RuntimeOnly:0 HLODRelevant:1 ListedInSceneOutliner:1 IsMainWorldOnly:0 FolderPath:Playground FolderGuid:9FE5E8B349AF71F05F2688921F3F2AC5
 |   |   |- [+] [  8]
 |   |   |   |- Guid:2DF0D95440BE0EDA81652F860DC7268E BaseClass: NativeClass:/Script/Engine.WorldDataLayers Name:WorldDataLayers Label:WorldDataLayers SpatiallyLoaded:0 Bounds:IsValid=true, Min=(X=0.000 Y=0.000 Z=0.000), Max=(X=0.000 Y=0.000 Z=0.000) RuntimeGrid:None EditorOnly:0 RuntimeOnly:0 HLODRelevant:0 ListedInSceneOutliner:1 IsMainWorldOnly:1
 |   |   |- [+] [  9]
 |   |   |   |- Guid:38FFC6304B24E7B0848A3E99C7904C1A BaseClass:/Game/Assets/Tiles/HexagonTileBase.HexagonTileBase_C NativeClass:/Script/Engine.Actor Name:HexagonTileBase_C_UAID_E848B8C840005A2502_1665936430 Label:HexagonTileBase22 SpatiallyLoaded:1 Bounds:IsValid=true, Min=(X=969.795 Y=2030.000 Z=-9.000), Max=(X=1316.205 Y=2430.000 Z=11.209) RuntimeGrid:None EditorOnly:0 RuntimeOnly:0 HLODRelevant:0 ListedInSceneOutliner:1 IsMainWorldOnly:0
 |   |   |- [+] [ 10]
 |   |   |   |- Guid:3B17BEB149CFF34B986790A7CC1E7D3D BaseClass:/Game/Assets/Tiles/HexagonTileBase.HexagonTileBase_C NativeClass:/Script/Engine.Actor Name:HexagonTileBase_C_UAID_E848B8C840005A2502_1588043418 Label:HexagonTileBase10 SpatiallyLoaded:1 Bounds:IsValid=true, Min=(X=1661.795 Y=1430.000 Z=-9.000), Max=(X=2008.205 Y=1830.000 Z=11.209) RuntimeGrid:None EditorOnly:0 RuntimeOnly:0 HLODRelevant:0 ListedInSceneOutliner:1 IsMainWorldOnly:0
 |   |   |- [+] [ 11]
 |   |   |   |- Guid:3E1208814E095E07C62D4FAD7EA1CFBD BaseClass:/Game/Assets/Tiles/HexagonTileBase.HexagonTileBase_C NativeClass:/Script/Engine.Actor Name:HexagonTileBase_C_UAID_E848B8C840005A2502_1554631416 Label:HexagonTileBase8 SpatiallyLoaded:1 Bounds:IsValid=true, Min=(X=623.795 Y=830.000 Z=-9.000), Max=(X=970.205 Y=1230.000 Z=11.209) RuntimeGrid:None EditorOnly:0 RuntimeOnly:0 HLODRelevant:0 ListedInSceneOutliner:1 IsMainWorldOnly:0
 |   |   |- [+] [ 12]
 |   |   |   |- Guid:6040A4DC47F6BD1E47B53E9A62C1AAF1 BaseClass:/Game/Assets/Tiles/HexagonTileBase.HexagonTileBase_C NativeClass:/Script/Engine.Actor Name:HexagonTileBase_C_UAID_E848B8C840005A2502_1665947439 Label:HexagonTileBase31 SpatiallyLoaded:1 Bounds:IsValid=true, Min=(X=1142.795 Y=1730.000 Z=-9.000), Max=(X=1489.205 Y=2130.000 Z=11.209) RuntimeGrid:None EditorOnly:0 RuntimeOnly:0 HLODRelevant:0 ListedInSceneOutliner:1 IsMainWorldOnly:0
 |   |   |- [+] [ 13]
 |   |   |   |- Guid:6252C7D64ACF162A73EE65B11FE214D1 BaseClass: NativeClass:/Script/Engine.SkyAtmosphere Name:SkyAtmosphere_1 Label:SkyAtmosphere SpatiallyLoaded:0 Bounds:IsValid=true, Min=(X=0.000 Y=0.000 Z=1020.000), Max=(X=0.000 Y=0.000 Z=1020.000) RuntimeGrid:None EditorOnly:0 RuntimeOnly:0 HLODRelevant:0 ListedInSceneOutliner:1 IsMainWorldOnly:0 FolderPath:Lighting FolderGuid:4C9334684BA61B42C769F799D2576455
 |   |   |- [+] [ 14]
 |   |   |   |- Guid:66BCBF874D2A22ADC6523B95EE812CA3 BaseClass: NativeClass:/Script/Engine.StaticMeshActor Name:StaticMeshActor_UAID_A4AE111137DC5CFB00_1660657071 Label:SM_SkySphere SpatiallyLoaded:0 Bounds:IsValid=true, Min=(X=-1638400.000 Y=-1638400.000 Z=-1638400.000), Max=(X=1638400.000 Y=1638400.000 Z=1638400.000) RuntimeGrid:None EditorOnly:0 RuntimeOnly:0 HLODRelevant:1 ListedInSceneOutliner:1 IsMainWorldOnly:0 FolderPath:Lighting FolderGuid:4C9334684BA61B42C769F799D2576455
 |   |   |- [+] [ 15]
 |   |   |   |- Guid:6FC5209D40CF692279097D911CBC768A BaseClass:/Game/Assets/Tiles/HexagonTileBase.HexagonTileBase_C NativeClass:/Script/Engine.Actor Name:HexagonTileBase_C_UAID_E848B8C84000582502_2140058055 Label:HexagonTileBase SpatiallyLoaded:1 Bounds:IsValid=true, Min=(X=796.795 Y=1130.000 Z=-9.000), Max=(X=1143.205 Y=1530.000 Z=11.209) RuntimeGrid:None EditorOnly:0 RuntimeOnly:0 HLODRelevant:0 ListedInSceneOutliner:1 IsMainWorldOnly:0
 |   |   |- [+] [ 16]
 |   |   |   |- Guid:718535A344EDE2BFE285E6B11C86FC37 BaseClass:/Game/Assets/Tiles/HexagonTileBase.HexagonTileBase_C NativeClass:/Script/Engine.Actor Name:HexagonTileBase_C_UAID_E848B8C840005A2502_1588040417 Label:HexagonTileBase9 SpatiallyLoaded:1 Bounds:IsValid=true, Min=(X=1488.795 Y=1130.000 Z=-9.000), Max=(X=1835.205 Y=1530.000 Z=11.209) RuntimeGrid:None EditorOnly:0 RuntimeOnly:0 HLODRelevant:0 ListedInSceneOutliner:1 IsMainWorldOnly:0
 |   |   |- [+] [ 17]
 |   |   |   |- Guid:756C3B6F42B06FDDD860F7ADCB22E786 BaseClass:/Game/Assets/Tiles/HexagonTileBase.HexagonTileBase_C NativeClass:/Script/Engine.Actor Name:HexagonTileBase_C_UAID_E848B8C840005A2502_1665940433 Label:HexagonTileBase25 SpatiallyLoaded:1 Bounds:IsValid=true, Min=(X=1488.795 Y=2330.000 Z=-9.000), Max=(X=1835.205 Y=2730.000 Z=11.209) RuntimeGrid:None EditorOnly:0 RuntimeOnly:0 HLODRelevant:0 ListedInSceneOutliner:1 IsMainWorldOnly:0
 |   |   |- [+] [ 18]
 |   |   |   |- Guid:77F893B3468595EE782136AD620D7EF4 BaseClass: NativeClass:/Script/Engine.VolumetricCloud Name:VolumetricCloud_0 Label:VolumetricCloud SpatiallyLoaded:0 Bounds:IsValid=true, Min=(X=0.000 Y=0.000 Z=820.000), Max=(X=0.000 Y=0.000 Z=820.000) RuntimeGrid:None EditorOnly:0 RuntimeOnly:0 HLODRelevant:0 ListedInSceneOutliner:1 IsMainWorldOnly:0 FolderPath:Lighting FolderGuid:4C9334684BA61B42C769F799D2576455
 |   |   |- [+] [ 19]
 |   |   |   |- Guid:7C91129E403D9FE66589D8A7C4BBFD11 BaseClass:/Game/Assets/Tiles/HexagonTileBase.HexagonTileBase_C NativeClass:/Script/Engine.Actor Name:HexagonTileBase_C_UAID_E848B8C840005A2502_1554626413 Label:HexagonTileBase5 SpatiallyLoaded:1 Bounds:IsValid=true, Min=(X=796.795 Y=530.000 Z=-9.000), Max=(X=1143.205 Y=930.000 Z=11.209) RuntimeGrid:None EditorOnly:0 RuntimeOnly:0 HLODRelevant:0 ListedInSceneOutliner:1 IsMainWorldOnly:0
 |   |   |- [+] [ 20]
 |   |   |   |- Guid:8F5FDE0F47B316B043ECCABC7E694EA8 BaseClass:/Game/Assets/Tiles/HexagonTileBase.HexagonTileBase_C NativeClass:/Script/Engine.Actor Name:HexagonTileBase_C_UAID_E848B8C840005A2502_1588046420 Label:HexagonTileBase12 SpatiallyLoaded:1 Bounds:IsValid=true, Min=(X=1315.795 Y=1430.000 Z=-9.000), Max=(X=1662.205 Y=1830.000 Z=11.209) RuntimeGrid:None EditorOnly:0 RuntimeOnly:0 HLODRelevant:0 ListedInSceneOutliner:1 IsMainWorldOnly:0
 |   |   |- [+] [ 21]
 |   |   |   |- Guid:9202E5064E6AB15FE85659A8B423FAC6 BaseClass:/Game/Assets/Tiles/HexagonTileBase.HexagonTileBase_C NativeClass:/Script/Engine.Actor Name:HexagonTileBase_C_UAID_E848B8C840005A2502_1665946438 Label:HexagonTileBase30 SpatiallyLoaded:1 Bounds:IsValid=true, Min=(X=1661.795 Y=2030.000 Z=-9.000), Max=(X=2008.205 Y=2430.000 Z=11.209) RuntimeGrid:None EditorOnly:0 RuntimeOnly:0 HLODRelevant:0 ListedInSceneOutliner:1 IsMainWorldOnly:0
 |   |   |- [+] [ 22]
 |   |   |   |- Guid:971A11514F2AF181BE19F0A32249DEDB BaseClass:/Game/Assets/Tiles/HexagonTileBase.HexagonTileBase_C NativeClass:/Script/Engine.Actor Name:HexagonTileBase_C_UAID_E848B8C840005A2502_1588051424 Label:HexagonTileBase16 SpatiallyLoaded:1 Bounds:IsValid=true, Min=(X=1315.795 Y=830.000 Z=-9.000), Max=(X=1662.205 Y=1230.000 Z=11.209) RuntimeGrid:None EditorOnly:0 RuntimeOnly:0 HLODRelevant:0 ListedInSceneOutliner:1 IsMainWorldOnly:0
 |   |   |- [+] [ 23]
 |   |   |   |- Guid:A01A4EA84BA43D991379C6B8D4AAC7C7 BaseClass:/Game/Assets/Tiles/HexagonTileBase.HexagonTileBase_C NativeClass:/Script/Engine.Actor Name:HexagonTileBase_C_UAID_E848B8C840005A2502_1531223412 Label:HexagonTileBase4 SpatiallyLoaded:1 Bounds:IsValid=true, Min=(X=623.795 Y=1430.000 Z=-9.000), Max=(X=970.205 Y=1830.000 Z=11.209) RuntimeGrid:None EditorOnly:0 RuntimeOnly:0 HLODRelevant:0 ListedInSceneOutliner:1 IsMainWorldOnly:0
 |   |   |- [+] [ 24]
 |   |   |   |- Guid:AECEEEE741E6DE68F6843FA49564A956 BaseClass: NativeClass:/Script/Engine.DirectionalLight Name:DirectionalLight_1 Label:DirectionalLight SpatiallyLoaded:0 Bounds:IsValid=true, Min=(X=-1048576.000 Y=-1048576.000 Z=-1048576.000), Max=(X=1048576.000 Y=1048576.000 Z=1048576.000) RuntimeGrid:None EditorOnly:0 RuntimeOnly:0 HLODRelevant:0 ListedInSceneOutliner:1 IsMainWorldOnly:0 FolderPath:Lighting FolderGuid:4C9334684BA61B42C769F799D2576455
 |   |   |- [+] [ 25]
 |   |   |   |- Guid:B59CDE864F3E950E602EC78789E6C8F8 BaseClass:/Game/Assets/Tiles/HexagonTileBase.HexagonTileBase_C NativeClass:/Script/Engine.Actor Name:HexagonTileBase_C_UAID_E848B8C840005A2502_1665942435 Label:HexagonTileBase27 SpatiallyLoaded:1 Bounds:IsValid=true, Min=(X=1142.795 Y=2330.000 Z=-9.000), Max=(X=1489.205 Y=2730.000 Z=11.209) RuntimeGrid:None EditorOnly:0 RuntimeOnly:0 HLODRelevant:0 ListedInSceneOutliner:1 IsMainWorldOnly:0
 |   |   |- [+] [ 26]
 |   |   |   |- Guid:B5F59F9E48CBA1716BA3AE91E1C9F06F BaseClass:/Game/Assets/Tiles/HexagonTileBase.HexagonTileBase_C NativeClass:/Script/Engine.Actor Name:HexagonTileBase_C_UAID_E848B8C840005A2502_1665928425 Label:HexagonTileBase17 SpatiallyLoaded:1 Bounds:IsValid=true, Min=(X=796.795 Y=2330.000 Z=-9.000), Max=(X=1143.205 Y=2730.000 Z=11.209) RuntimeGrid:None EditorOnly:0 RuntimeOnly:0 HLODRelevant:0 ListedInSceneOutliner:1 IsMainWorldOnly:0
 |   |   |- [+] [ 27]
 |   |   |   |- Guid:BBB1D4AD48D12D4DD3A097A3B1F38508 BaseClass:/Game/Assets/Tiles/HexagonTileBase.HexagonTileBase_C NativeClass:/Script/Engine.Actor Name:HexagonTileBase_C_UAID_E848B8C840005A2502_1665944437 Label:HexagonTileBase29 SpatiallyLoaded:1 Bounds:IsValid=true, Min=(X=1488.795 Y=1730.000 Z=-9.000), Max=(X=1835.205 Y=2130.000 Z=11.209) RuntimeGrid:None EditorOnly:0 RuntimeOnly:0 HLODRelevant:0 ListedInSceneOutliner:1 IsMainWorldOnly:0
 |   |   |- [+] [ 28]
 |   |   |   |- Guid:BC43CBE44197658473297D8CAE645A29 BaseClass:/Game/Assets/Tiles/HexagonTileBase.HexagonTileBase_C NativeClass:/Script/Engine.Actor Name:HexagonTileBase_C_UAID_E848B8C840005A2502_1588047421 Label:HexagonTileBase13 SpatiallyLoaded:1 Bounds:IsValid=true, Min=(X=1488.795 Y=530.000 Z=-9.000), Max=(X=1835.205 Y=930.000 Z=11.209) RuntimeGrid:None EditorOnly:0 RuntimeOnly:0 HLODRelevant:0 ListedInSceneOutliner:1 IsMainWorldOnly:0
 |   |   |- [+] [ 29]
 |   |   |   |- Guid:BE55F448426E118B91244FBAAE1BFCE7 BaseClass:/Game/Assets/Tiles/HexagonTileBase.HexagonTileBase_C NativeClass:/Script/Engine.Actor Name:HexagonTileBase_C_UAID_E848B8C840005A2502_1665944436 Label:HexagonTileBase28 SpatiallyLoaded:1 Bounds:IsValid=true, Min=(X=1315.795 Y=2630.000 Z=-9.000), Max=(X=1662.205 Y=3030.000 Z=11.209) RuntimeGrid:None EditorOnly:0 RuntimeOnly:0 HLODRelevant:0 ListedInSceneOutliner:1 IsMainWorldOnly:0
 |   |   |- [+] [ 30]
 |   |   |   |- Guid:C2108BC541BBDF5480AE228E63F1A8F4 BaseClass:/Game/Assets/Tiles/HexagonTileBase.HexagonTileBase_C NativeClass:/Script/Engine.Actor Name:HexagonTileBase_C_UAID_E848B8C840005A2502_1554629414 Label:HexagonTileBase6 SpatiallyLoaded:1 Bounds:IsValid=true, Min=(X=969.795 Y=830.000 Z=-9.000), Max=(X=1316.205 Y=1230.000 Z=11.209) RuntimeGrid:None EditorOnly:0 RuntimeOnly:0 HLODRelevant:0 ListedInSceneOutliner:1 IsMainWorldOnly:0
 |   |   |- [+] [ 31]
 |   |   |   |- Guid:CC7D0CEF434FC598E6927391F7C30A51 BaseClass:/Game/Assets/Tiles/HexagonTileBase.HexagonTileBase_C NativeClass:/Script/Engine.Actor Name:HexagonTileBase_C_UAID_E848B8C840005A2502_1665932427 Label:HexagonTileBase19 SpatiallyLoaded:1 Bounds:IsValid=true, Min=(X=450.795 Y=2330.000 Z=-9.000), Max=(X=797.205 Y=2730.000 Z=11.209) RuntimeGrid:None EditorOnly:0 RuntimeOnly:0 HLODRelevant:0 ListedInSceneOutliner:1 IsMainWorldOnly:0
 |   |   |- [+] [ 32]
 |   |   |   |- Guid:CCDD89584E0A9025F52AEDA51D60CA54 BaseClass: NativeClass:/Script/NavigationSystem.NavMeshBoundsVolume Name:NavMeshBoundsVolume_1 Label:NavMeshBoundsVolume SpatiallyLoaded:0 Bounds:IsValid=true, Min=(X=-100.000 Y=-100.000 Z=-110.000), Max=(X=3100.000 Y=3600.000 Z=390.000) RuntimeGrid:None EditorOnly:0 RuntimeOnly:0 HLODRelevant:0 ListedInSceneOutliner:1 IsMainWorldOnly:0 FolderPath:Navigation FolderGuid:AE45D61F453CC144CF8289862C276E89
 |   |   |- [+] [ 33]
 |   |   |   |- Guid:D24D61B944EF71BE7BC469B7EB239299 BaseClass: NativeClass:/Script/Engine.ExponentialHeightFog Name:ExponentialHeightFog_1 Label:ExponentialHeightFog SpatiallyLoaded:0 Bounds:IsValid=true, Min=(X=-5600.000 Y=-50.000 Z=-6850.000), Max=(X=-5600.000 Y=-50.000 Z=-6850.000) RuntimeGrid:None EditorOnly:0 RuntimeOnly:0 HLODRelevant:0 ListedInSceneOutliner:1 IsMainWorldOnly:0 FolderPath:Lighting FolderGuid:4C9334684BA61B42C769F799D2576455
 |   |   |- [+] [ 34]
 |   |   |   |- Guid:D5C7252A47A18006F9F5DBAEE815DD64 BaseClass:/Game/Assets/Tiles/HexagonTileBase.HexagonTileBase_C NativeClass:/Script/Engine.Actor Name:HexagonTileBase_C_UAID_E848B8C840005A2502_1588049423 Label:HexagonTileBase15 SpatiallyLoaded:1 Bounds:IsValid=true, Min=(X=1142.795 Y=530.000 Z=-9.000), Max=(X=1489.205 Y=930.000 Z=11.209) RuntimeGrid:None EditorOnly:0 RuntimeOnly:0 HLODRelevant:0 ListedInSceneOutliner:1 IsMainWorldOnly:0
 |   |   |- [+] [ 35]
 |   |   |   |- Guid:D63F3EC04574A02420147D819390C894 BaseClass:/Game/Assets/Tiles/HexagonTileBase.HexagonTileBase_C NativeClass:/Script/Engine.Actor Name:HexagonTileBase_C_UAID_E848B8C840005A2502_1665948440 Label:HexagonTileBase32 SpatiallyLoaded:1 Bounds:IsValid=true, Min=(X=1315.795 Y=2030.000 Z=-9.000), Max=(X=1662.205 Y=2430.000 Z=11.209) RuntimeGrid:None EditorOnly:0 RuntimeOnly:0 HLODRelevant:0 ListedInSceneOutliner:1 IsMainWorldOnly:0
 |   |   |- [+] [ 36]
 |   |   |   |- Guid:DE792036479997494A6DE7AF3EF8C394 BaseClass:/Game/Assets/Tiles/HexagonTileBase.HexagonTileBase_C NativeClass:/Script/Engine.Actor Name:HexagonTileBase_C_UAID_E848B8C840005A2502_1665931426 Label:HexagonTileBase18 SpatiallyLoaded:1 Bounds:IsValid=true, Min=(X=969.795 Y=2630.000 Z=-9.000), Max=(X=1316.205 Y=3030.000 Z=11.209) RuntimeGrid:None EditorOnly:0 RuntimeOnly:0 HLODRelevant:0 ListedInSceneOutliner:1 IsMainWorldOnly:0
 |   |   |- [+] [ 37]
 |   |   |   |- Guid:EDE140DB4157022566829898915CC366 BaseClass:/Game/Assets/Tiles/HexagonTileBase.HexagonTileBase_C NativeClass:/Script/Engine.Actor Name:HexagonTileBase_C_UAID_E848B8C840005A2502_1665937431 Label:HexagonTileBase23 SpatiallyLoaded:1 Bounds:IsValid=true, Min=(X=450.795 Y=1730.000 Z=-9.000), Max=(X=797.205 Y=2130.000 Z=11.209) RuntimeGrid:None EditorOnly:0 RuntimeOnly:0 HLODRelevant:0 ListedInSceneOutliner:1 IsMainWorldOnly:0
 |   |   |- [+] [ 38]
 |   |   |   |- Guid:F0C0D2A240E30C53086AA68573DA98F6 BaseClass:/Game/Assets/Tiles/HexagonTileBase.HexagonTileBase_C NativeClass:/Script/Engine.Actor Name:HexagonTileBase_C_UAID_E848B8C840005A2502_1252387408 Label:HexagonTileBase2 SpatiallyLoaded:1 Bounds:IsValid=true, Min=(X=969.795 Y=1430.000 Z=-9.000), Max=(X=1316.205 Y=1830.000 Z=11.209) RuntimeGrid:None EditorOnly:0 RuntimeOnly:0 HLODRelevant:0 ListedInSceneOutliner:1 IsMainWorldOnly:0
 |   |   |- [+] [ 39]
 |   |   |   |- Guid:F33CC5014C49925B3A9D52A063AF483F BaseClass: NativeClass:/Script/Engine.PlayerStart Name:PlayerStart_0 Label:PlayerStart SpatiallyLoaded:0 Bounds:IsValid=true, Min=(X=960.000 Y=1770.000 Z=0.013), Max=(X=1040.000 Y=1850.000 Z=184.013) RuntimeGrid:None EditorOnly:0 RuntimeOnly:0 HLODRelevant:0 ListedInSceneOutliner:1 IsMainWorldOnly:0
 |   |   |- [+] [ 40]
 |   |   |   |- Guid:F4ED2CA443CA1E35147A80B1C827B082 BaseClass:/Game/Assets/Tiles/HexagonTileBase.HexagonTileBase_C NativeClass:/Script/Engine.Actor Name:HexagonTileBase_C_UAID_E848B8C840005A2502_1665939432 Label:HexagonTileBase24 SpatiallyLoaded:1 Bounds:IsValid=true, Min=(X=623.795 Y=2030.000 Z=-9.000), Max=(X=970.205 Y=2430.000 Z=11.209) RuntimeGrid:None EditorOnly:0 RuntimeOnly:0 HLODRelevant:0 ListedInSceneOutliner:1 IsMainWorldOnly:0
 |   |   |- [+] [ 41]
 |   |   |   |- Guid:FB2860F04E7C8666217BB4BECD99308F BaseClass:/Game/Assets/Tiles/HexagonTileBase.HexagonTileBase_C NativeClass:/Script/Engine.Actor Name:HexagonTileBase_C_UAID_E848B8C840005A2502_1665933428 Label:HexagonTileBase20 SpatiallyLoaded:1 Bounds:IsValid=true, Min=(X=623.795 Y=2630.000 Z=-9.000), Max=(X=970.205 Y=3030.000 Z=11.209) RuntimeGrid:None EditorOnly:0 RuntimeOnly:0 HLODRelevant:0 ListedInSceneOutliner:1 IsMainWorldOnly:0
 |   |   |- [+] [ 42]
 |   |   |   |- Guid:FC52FE8E4384981A958E2DBFA56D91AD BaseClass:/Game/Assets/Tiles/HexagonTileBase.HexagonTileBase_C NativeClass:/Script/Engine.Actor Name:HexagonTileBase_C_UAID_E848B8C840005A2502_1588048422 Label:HexagonTileBase14 SpatiallyLoaded:1 Bounds:IsValid=true, Min=(X=1661.795 Y=830.000 Z=-9.000), Max=(X=2008.205 Y=1230.000 Z=11.209) RuntimeGrid:None EditorOnly:0 RuntimeOnly:0 HLODRelevant:0 ListedInSceneOutliner:1 IsMainWorldOnly:0
 |   |   |- [+] [ 43]
 |   |   |   |- Guid:FD87F63744F354A67AF6A6923E26F8CD BaseClass:/Game/Assets/Tiles/HexagonTileBase.HexagonTileBase_C NativeClass:/Script/Engine.Actor Name:HexagonTileBase_C_UAID_E848B8C840005A2502_1665934429 Label:HexagonTileBase21 SpatiallyLoaded:1 Bounds:IsValid=true, Min=(X=796.795 Y=1730.000 Z=-9.000), Max=(X=1143.205 Y=2130.000 Z=11.209) RuntimeGrid:None EditorOnly:0 RuntimeOnly:0 HLODRelevant:0 ListedInSceneOutliner:1 IsMainWorldOnly:0
 |- ContainerInstances:
 |- [+] MainContainer:
 |   |-        ID: 00000000000000000000000000000000
 |   |-  ParentID: 00000000000000000000000000000000
 |   |-    Bounds: IsValid=false, Min=(X=0.000 Y=0.000 Z=0.000), Max=(X=0.000 Y=0.000 Z=0.000)
 |   |- Transform: 0.000000,0.000000,0.000000|0.000000,0.000000,-0.000000|1.000000,1.000000,1.000000
 |   |- Container: /Game/TopDown/Maps/TopDownMap
----------------------------------------------------------------------------------------------------------------
TopDownMap - Persistent Level
----------------------------------------------------------------------------------------------------------------
[+] Content of TopDownMap Persistent Level
 |- Always loaded Actor Count: 44 
 |- Actor Path: /Game/TopDown/Maps/TopDownMap.TopDownMap:PersistentLevel.DirectionalLight_1
 |- Actor Package: /Game/__ExternalActors__/TopDown/Maps/TopDownMap/A/LM/VRK8UAZR3J2TAKS74SHCUD
 |- Actor Path: /Game/TopDown/Maps/TopDownMap.TopDownMap:PersistentLevel.ExponentialHeightFog_1
 |- Actor Package: /Game/__ExternalActors__/TopDown/Maps/TopDownMap/6/BO/BYV4KSLUROOOL33DU1XUWQ
 |- Actor Path: /Game/TopDown/Maps/TopDownMap.TopDownMap:PersistentLevel.HexagonTileBase_C_UAID_E848B8C84000582502_2140058055
 |- Actor Package: /Game/__ExternalActors__/TopDown/Maps/TopDownMap/E/IZ/M68UUN6I5F5PKZZL68LB4Q
 |- Actor Path: /Game/TopDown/Maps/TopDownMap.TopDownMap:PersistentLevel.HexagonTileBase_C_UAID_E848B8C840005A2502_1252387408
 |- Actor Package: /Game/__ExternalActors__/TopDown/Maps/TopDownMap/C/KF/S9PEZQS0443T5RPI1WCZ04
 |- Actor Path: /Game/TopDown/Maps/TopDownMap.TopDownMap:PersistentLevel.HexagonTileBase_C_UAID_E848B8C840005A2502_1531218411
 |- Actor Package: /Game/__ExternalActors__/TopDown/Maps/TopDownMap/4/B5/WLELJSCAAQTM1MNILIOZ64
 |- Actor Path: /Game/TopDown/Maps/TopDownMap.TopDownMap:PersistentLevel.HexagonTileBase_C_UAID_E848B8C840005A2502_1531223412
 |- Actor Package: /Game/__ExternalActors__/TopDown/Maps/TopDownMap/2/62/NVM3KGKP3CBZ8MFLP6MNE3
 |- Actor Path: /Game/TopDown/Maps/TopDownMap.TopDownMap:PersistentLevel.HexagonTileBase_C_UAID_E848B8C840005A2502_1554626413
 |- Actor Package: /Game/__ExternalActors__/TopDown/Maps/TopDownMap/3/U4/FV07VWTWLFJNPFFKU051WA
 |- Actor Path: /Game/TopDown/Maps/TopDownMap.TopDownMap:PersistentLevel.HexagonTileBase_C_UAID_E848B8C840005A2502_1554629414
 |- Actor Package: /Game/__ExternalActors__/TopDown/Maps/TopDownMap/2/AP/3D6XCD08Z2YAHKNW9IHH6M
 |- Actor Path: /Game/TopDown/Maps/TopDownMap.TopDownMap:PersistentLevel.HexagonTileBase_C_UAID_E848B8C840005A2502_1554630415
 |- Actor Package: /Game/__ExternalActors__/TopDown/Maps/TopDownMap/A/TG/1PK4PZELPB3KDN5YYFB03E
 |- Actor Path: /Game/TopDown/Maps/TopDownMap.TopDownMap:PersistentLevel.HexagonTileBase_C_UAID_E848B8C840005A2502_1554631416
 |- Actor Package: /Game/__ExternalActors__/TopDown/Maps/TopDownMap/5/R8/XZWON1JZTWK0BOFHI6KZSL
 |- Actor Path: /Game/TopDown/Maps/TopDownMap.TopDownMap:PersistentLevel.HexagonTileBase_C_UAID_E848B8C840005A2502_1588040417
 |- Actor Package: /Game/__ExternalActors__/TopDown/Maps/TopDownMap/D/Q0/22YW3GDQ1UFFNL75EO499V
 |- Actor Path: /Game/TopDown/Maps/TopDownMap.TopDownMap:PersistentLevel.HexagonTileBase_C_UAID_E848B8C840005A2502_1588043418
 |- Actor Package: /Game/__ExternalActors__/TopDown/Maps/TopDownMap/D/KQ/7UGAX0I9JUE60N65J9LUP7
 |- Actor Path: /Game/TopDown/Maps/TopDownMap.TopDownMap:PersistentLevel.HexagonTileBase_C_UAID_E848B8C840005A2502_1588045419
 |- Actor Package: /Game/__ExternalActors__/TopDown/Maps/TopDownMap/4/68/3F8P15T8L2F067A4CL9652
 |- Actor Path: /Game/TopDown/Maps/TopDownMap.TopDownMap:PersistentLevel.HexagonTileBase_C_UAID_E848B8C840005A2502_1588046420
 |- Actor Package: /Game/__ExternalActors__/TopDown/Maps/TopDownMap/3/6H/OWL3YVQZ6NRCIQZIGRQVC4
 |- Actor Path: /Game/TopDown/Maps/TopDownMap.TopDownMap:PersistentLevel.HexagonTileBase_C_UAID_E848B8C840005A2502_1588047421
 |- Actor Package: /Game/__ExternalActors__/TopDown/Maps/TopDownMap/D/B6/61CWMJARBFJMRIFT97TDJ4
 |- Actor Path: /Game/TopDown/Maps/TopDownMap.TopDownMap:PersistentLevel.HexagonTileBase_C_UAID_E848B8C840005A2502_1588048422
 |- Actor Package: /Game/__ExternalActors__/TopDown/Maps/TopDownMap/C/ZZ/J3AVZ2QPW8IVO2OC6H8AJE
 |- Actor Path: /Game/TopDown/Maps/TopDownMap.TopDownMap:PersistentLevel.HexagonTileBase_C_UAID_E848B8C840005A2502_1588049423
 |- Actor Package: /Game/__ExternalActors__/TopDown/Maps/TopDownMap/1/RR/UWTYWQ54JLOA4H7KQBQD5R
 |- Actor Path: /Game/TopDown/Maps/TopDownMap.TopDownMap:PersistentLevel.HexagonTileBase_C_UAID_E848B8C840005A2502_1588051424
 |- Actor Package: /Game/__ExternalActors__/TopDown/Maps/TopDownMap/E/WA/AYIG2YQF9YEC1ISACRILB1
 |- Actor Path: /Game/TopDown/Maps/TopDownMap.TopDownMap:PersistentLevel.HexagonTileBase_C_UAID_E848B8C840005A2502_1665928425
 |- Actor Package: /Game/__ExternalActors__/TopDown/Maps/TopDownMap/9/SV/ECQQTYRZDWOZZCQJ6OQWEE
 |- Actor Path: /Game/TopDown/Maps/TopDownMap.TopDownMap:PersistentLevel.HexagonTileBase_C_UAID_E848B8C840005A2502_1665931426
 |- Actor Package: /Game/__ExternalActors__/TopDown/Maps/TopDownMap/C/JF/AWTH23HOE7IB2ARZMVTDRH
 |- Actor Path: /Game/TopDown/Maps/TopDownMap.TopDownMap:PersistentLevel.HexagonTileBase_C_UAID_E848B8C840005A2502_1665932427
 |- Actor Package: /Game/__ExternalActors__/TopDown/Maps/TopDownMap/B/IR/2OQ73JR6V430YCGGMKDVCF
 |- Actor Path: /Game/TopDown/Maps/TopDownMap.TopDownMap:PersistentLevel.HexagonTileBase_C_UAID_E848B8C840005A2502_1665933428
 |- Actor Package: /Game/__ExternalActors__/TopDown/Maps/TopDownMap/7/H1/X0W43611PZMXM37TSB0LS6
 |- Actor Path: /Game/TopDown/Maps/TopDownMap.TopDownMap:PersistentLevel.HexagonTileBase_C_UAID_E848B8C840005A2502_1665934429
 |- Actor Package: /Game/__ExternalActors__/TopDown/Maps/TopDownMap/9/R1/7IFWRRKG7YUDX813HWC9WJ
 |- Actor Path: /Game/TopDown/Maps/TopDownMap.TopDownMap:PersistentLevel.HexagonTileBase_C_UAID_E848B8C840005A2502_1665936430
 |- Actor Package: /Game/__ExternalActors__/TopDown/Maps/TopDownMap/1/VC/6A00JDSZN16TDBWLL66WC7
 |- Actor Path: /Game/TopDown/Maps/TopDownMap.TopDownMap:PersistentLevel.HexagonTileBase_C_UAID_E848B8C840005A2502_1665937431
 |- Actor Package: /Game/__ExternalActors__/TopDown/Maps/TopDownMap/A/LD/O6DOCS7D01H2U8XGCAUJHS
 |- Actor Path: /Game/TopDown/Maps/TopDownMap.TopDownMap:PersistentLevel.HexagonTileBase_C_UAID_E848B8C840005A2502_1665939432
 |- Actor Package: /Game/__ExternalActors__/TopDown/Maps/TopDownMap/C/M2/ZW1CLS5L0MP4F2NVQ45U0V
 |- Actor Path: /Game/TopDown/Maps/TopDownMap.TopDownMap:PersistentLevel.HexagonTileBase_C_UAID_E848B8C840005A2502_1665940433
 |- Actor Package: /Game/__ExternalActors__/TopDown/Maps/TopDownMap/E/QB/17HYR1RSGJXE7KXQG60AW2
 |- Actor Path: /Game/TopDown/Maps/TopDownMap.TopDownMap:PersistentLevel.HexagonTileBase_C_UAID_E848B8C840005A2502_1665941434
 |- Actor Package: /Game/__ExternalActors__/TopDown/Maps/TopDownMap/7/HD/ASSVNL3ZXCJ3S1FJJCISK2
 |- Actor Path: /Game/TopDown/Maps/TopDownMap.TopDownMap:PersistentLevel.HexagonTileBase_C_UAID_E848B8C840005A2502_1665942435
 |- Actor Package: /Game/__ExternalActors__/TopDown/Maps/TopDownMap/9/C8/34R2J8BFPLV8JNOTWJKT5I
 |- Actor Path: /Game/TopDown/Maps/TopDownMap.TopDownMap:PersistentLevel.HexagonTileBase_C_UAID_E848B8C840005A2502_1665944436
 |- Actor Package: /Game/__ExternalActors__/TopDown/Maps/TopDownMap/C/7D/WNF96SFPXTS0B4BAQZMB7M
 |- Actor Path: /Game/TopDown/Maps/TopDownMap.TopDownMap:PersistentLevel.HexagonTileBase_C_UAID_E848B8C840005A2502_1665944437
 |- Actor Package: /Game/__ExternalActors__/TopDown/Maps/TopDownMap/2/40/PDAY9SUJRW66JY990RZ70M
 |- Actor Path: /Game/TopDown/Maps/TopDownMap.TopDownMap:PersistentLevel.HexagonTileBase_C_UAID_E848B8C840005A2502_1665946438
 |- Actor Package: /Game/__ExternalActors__/TopDown/Maps/TopDownMap/7/9A/50559LEULI1FPLN6WDMUO8
 |- Actor Path: /Game/TopDown/Maps/TopDownMap.TopDownMap:PersistentLevel.HexagonTileBase_C_UAID_E848B8C840005A2502_1665947439
 |- Actor Package: /Game/__ExternalActors__/TopDown/Maps/TopDownMap/1/8G/P0HH4YF9PFZXF835ZXKENS
 |- Actor Path: /Game/TopDown/Maps/TopDownMap.TopDownMap:PersistentLevel.HexagonTileBase_C_UAID_E848B8C840005A2502_1665948440
 |- Actor Package: /Game/__ExternalActors__/TopDown/Maps/TopDownMap/8/O5/L16LUSZ7WI6QP5I9NRY0WN
 |- Actor Path: /Game/TopDown/Maps/TopDownMap.TopDownMap:PersistentLevel.NavLinkProxy_3
 |- Actor Package: /Game/__ExternalActors__/TopDown/Maps/TopDownMap/5/UT/JRUWL9PVCAH3XSUMXP4CC1
 |- Actor Path: /Game/TopDown/Maps/TopDownMap.TopDownMap:PersistentLevel.NavMeshBoundsVolume_1
 |- Actor Package: /Game/__ExternalActors__/TopDown/Maps/TopDownMap/0/QS/8AKCSH4RXXQHHQMCR8GO6C
 |- Actor Path: /Game/TopDown/Maps/TopDownMap.TopDownMap:PersistentLevel.PlayerStart_0
 |- Actor Package: /Game/__ExternalActors__/TopDown/Maps/TopDownMap/6/OI/H4CYGWRMJ49ZI6AS2GNGQY
 |- Actor Path: /Game/TopDown/Maps/TopDownMap.TopDownMap:PersistentLevel.PostProcessVolume_1
 |- Actor Package: /Game/__ExternalActors__/TopDown/Maps/TopDownMap/6/VI/ESHAVRHFZFA2JDR9ZAQIOE
 |- Actor Path: /Game/TopDown/Maps/TopDownMap.TopDownMap:PersistentLevel.SkyAtmosphere_1
 |- Actor Package: /Game/__ExternalActors__/TopDown/Maps/TopDownMap/5/YN/TCNGOWDVRBFBJ5YZR7VI7S
 |- Actor Path: /Game/TopDown/Maps/TopDownMap.TopDownMap:PersistentLevel.SkyLight_1
 |- Actor Package: /Game/__ExternalActors__/TopDown/Maps/TopDownMap/E/LR/47NTFRDFK6M7265A1UYTOW
 |- Actor Path: /Game/TopDown/Maps/TopDownMap.TopDownMap:PersistentLevel.StaticMeshActor_17
 |- Actor Package: /Game/__ExternalActors__/TopDown/Maps/TopDownMap/3/RG/XOAZMB5QVL20UGXOCZ1LZK
 |- Actor Path: /Game/TopDown/Maps/TopDownMap.TopDownMap:PersistentLevel.StaticMeshActor_UAID_A4AE111137DC5CFB00_1660657071
 |- Actor Package: /Game/__ExternalActors__/TopDown/Maps/TopDownMap/C/MV/UE2U7GTDT7WM2AVP83861S
 |- Actor Path: /Game/TopDown/Maps/TopDownMap.TopDownMap:PersistentLevel.VolumetricCloud_0
 |- Actor Package: /Game/__ExternalActors__/TopDown/Maps/TopDownMap/6/GY/HOVAYB977GD5L9YGZ5S1T6
 |- Actor Path: /Game/TopDown/Maps/TopDownMap.TopDownMap:PersistentLevel.WorldDataLayers
 |- Actor Package: /Game/__ExternalActors__/TopDown/Maps/TopDownMap/A/RN/FHX05LPSBNMAJG3SW97PS7

----------------------------------------------------------------------------------------------------------------
TopDownMap - Runtime Hash Set
----------------------------------------------------------------------------------------------------------------

